Using pre-set license
Built from '2020.2/staging' branch; Version is '2020.2.7f1 (c53830e277f1) revision 12924976'; Using compiler version '192528614'; Build Type 'Release'
OS: 'Windows 10 Home; OS build 18363.1440; Version 1909; 64bit' Language: 'pt' Physical Memory: 16309 MB
BatchMode: 1, IsHumanControllingUs: 0, StartBugReporterOnCrash: 0, Is64bit: 1, IsPro: 0

 COMMAND LINE ARGUMENTS:
C:\Program Files\Unity\Hub\Editor\2020.2.7f1\Editor\Unity.exe
-adb2
-batchMode
-noUpm
-name
AssetImportWorker0
-projectPath
D:/Tiago/IPCA/Projeto 2/TheRescue
-logFile
Logs/AssetImportWorker0.log
-srvPort
55374
Successfully changed project path to: D:/Tiago/IPCA/Projeto 2/TheRescue
D:/Tiago/IPCA/Projeto 2/TheRescue
Using Asset Import Pipeline V2.
Refreshing native plugins compatible for Editor in 16.42 ms, found 0 plugins.
Preloading 0 native plugins for Editor in 0.00 ms.
Initialize engine version: 2020.2.7f1 (c53830e277f1)
[Subsystems] Discovering subsystems at path C:/Program Files/Unity/Hub/Editor/2020.2.7f1/Editor/Data/Resources/UnitySubsystems
[Subsystems] Discovering subsystems at path D:/Tiago/IPCA/Projeto 2/TheRescue/Assets
GfxDevice: creating device client; threaded=0
Direct3D:
    Version:  Direct3D 11.0 [level 11.1]
    Renderer: NVIDIA GeForce GTX 1060 6GB (ID=0x1c03)
    Vendor:   
    VRAM:     6052 MB
    Driver:   27.21.14.6172
Initialize mono
Mono path[0] = 'C:/Program Files/Unity/Hub/Editor/2020.2.7f1/Editor/Data/Managed'
Mono path[1] = 'C:/Program Files/Unity/Hub/Editor/2020.2.7f1/Editor/Data/MonoBleedingEdge/lib/mono/unityjit'
Mono config path = 'C:/Program Files/Unity/Hub/Editor/2020.2.7f1/Editor/Data/MonoBleedingEdge/etc'
Using monoOptions --debugger-agent=transport=dt_socket,embedding=1,server=y,suspend=n,address=127.0.0.1:56420
Begin MonoManager ReloadAssembly
Registering precompiled unity dll's ...
Register platform support module: C:/Program Files/Unity/Hub/Editor/2020.2.7f1/Editor/Data/PlaybackEngines/WindowsStandaloneSupport/UnityEditor.WindowsStandalone.Extensions.dll
Registered in 0.001441 seconds.
Native extension for WindowsStandalone target not found
Refreshing native plugins compatible for Editor in 16.68 ms, found 0 plugins.
Preloading 0 native plugins for Editor in 0.00 ms.
Invoked RoslynAnalysisRunner static constructor.
RoslynAnalysisRunner will not be running.
RoslynAnalysisRunner has terminated.
Mono: successfully reloaded assembly
- Completed reload, in  0.742 seconds
Platform modules already initialized, skipping
Registering precompiled user dll's ...
Registered in 0.000349 seconds.
Begin MonoManager ReloadAssembly
Native extension for WindowsStandalone target not found
Refreshing native plugins compatible for Editor in 0.20 ms, found 0 plugins.
Preloading 0 native plugins for Editor in 0.00 ms.
Invoked RoslynAnalysisRunner static constructor.
RoslynAnalysisRunner will not be running.
RoslynAnalysisRunner has terminated.
Mono: successfully reloaded assembly
- Completed reload, in  0.539 seconds
Platform modules already initialized, skipping
========================================================================
Worker process is ready to serve import requests
Launched and connected shader compiler UnityShaderCompiler.exe after 0.04 seconds
Refreshing native plugins compatible for Editor in 0.21 ms, found 0 plugins.
Preloading 0 native plugins for Editor in 0.00 ms.
Unloading 1133 Unused Serialized files (Serialized files now loaded: 0)
System memory in use before: 129.3 MB.
System memory in use after: 129.3 MB.

Unloading 10 unused Assets to reduce memory usage. Loaded Objects now: 1585.
Total: 1.387900 ms (FindLiveObjects: 0.110300 ms CreateObjectMapping: 0.027400 ms MarkObjects: 1.191900 ms  DeleteObjects: 0.057500 ms)

========================================================================
Received Import Request.
  path: Assets/Scripts/dot.png
  artifactKey: Guid(a20f880d87ee18e429d681fd744215be) Importer(815301076,1909f56bfc062723c751e8b465ee728b)
Start importing Assets/Scripts/dot.png using Guid(a20f880d87ee18e429d681fd744215be) Importer(815301076,1909f56bfc062723c751e8b465ee728b)  -> (artifact id: '4f779993e409fd788af26f89ba58d663') in 0.088815 seconds
  Import took 0.090406 seconds .

========================================================================
Received Import Request.
  Time since last request: 1.102999 seconds.
  path: Assets/Scripts/EnemyMove.cs
  artifactKey: Guid(c7041f8570fab714b91b7697edd20130) Importer(815301076,1909f56bfc062723c751e8b465ee728b)
Start importing Assets/Scripts/EnemyMove.cs using Guid(c7041f8570fab714b91b7697edd20130) Importer(815301076,1909f56bfc062723c751e8b465ee728b)  -> (artifact id: '8f0bf7e5e47758273ba159104d49f9bb') in 0.011076 seconds
  Import took 0.012651 seconds .

========================================================================
Received Import Request.
  Time since last request: 106.153238 seconds.
  path: Assets/Scripts/Enemy
  artifactKey: Guid(d4eed45580d946d4097a94c4b8c04b9a) Importer(815301076,1909f56bfc062723c751e8b465ee728b)
Start importing Assets/Scripts/Enemy using Guid(d4eed45580d946d4097a94c4b8c04b9a) Importer(815301076,1909f56bfc062723c751e8b465ee728b)  -> (artifact id: '7aec6b87df7ef71b10697f19437acc9e') in 0.004863 seconds
  Import took 0.006462 seconds .

========================================================================
Received Prepare
Registering precompiled user dll's ...
Registered in 0.000354 seconds.
Begin MonoManager ReloadAssembly
Native extension for WindowsStandalone target not found
Refreshing native plugins compatible for Editor in 0.20 ms, found 0 plugins.
Preloading 0 native plugins for Editor in 0.00 ms.
Invoked RoslynAnalysisRunner static constructor.
RoslynAnalysisRunner will not be running.
RoslynAnalysisRunner has terminated.
Mono: successfully reloaded assembly
- Completed reload, in  0.509 seconds
Platform modules already initialized, skipping
Refreshing native plugins compatible for Editor in 0.20 ms, found 0 plugins.
Preloading 0 native plugins for Editor in 0.00 ms.
Unloading 1125 Unused Serialized files (Serialized files now loaded: 0)
System memory in use before: 129.0 MB.
System memory in use after: 129.1 MB.

Unloading 5 unused Assets to reduce memory usage. Loaded Objects now: 1590.
Total: 1.367300 ms (FindLiveObjects: 0.109800 ms CreateObjectMapping: 0.028500 ms MarkObjects: 1.192300 ms  DeleteObjects: 0.036100 ms)

========================================================================
Received Prepare
Registering precompiled user dll's ...
Registered in 0.000302 seconds.
Begin MonoManager ReloadAssembly
Native extension for WindowsStandalone target not found
Refreshing native plugins compatible for Editor in 0.19 ms, found 0 plugins.
Preloading 0 native plugins for Editor in 0.00 ms.
Invoked RoslynAnalysisRunner static constructor.
RoslynAnalysisRunner will not be running.
RoslynAnalysisRunner has terminated.
Mono: successfully reloaded assembly
- Completed reload, in  0.504 seconds
Platform modules already initialized, skipping
Refreshing native plugins compatible for Editor in 0.20 ms, found 0 plugins.
Preloading 0 native plugins for Editor in 0.00 ms.
Unloading 1126 Unused Serialized files (Serialized files now loaded: 0)
System memory in use before: 129.0 MB.
System memory in use after: 129.1 MB.

Unloading 5 unused Assets to reduce memory usage. Loaded Objects now: 1594.
Total: 1.670100 ms (FindLiveObjects: 0.100800 ms CreateObjectMapping: 0.027100 ms MarkObjects: 1.503300 ms  DeleteObjects: 0.038100 ms)

========================================================================
Received Import Request.
  Time since last request: 13.577719 seconds.
  path: Assets/Scripts/Enemy/NewBehaviourScript.cs
  artifactKey: Guid(397d94e41eeba364f956ded1d5399315) Importer(815301076,1909f56bfc062723c751e8b465ee728b)
Start importing Assets/Scripts/Enemy/NewBehaviourScript.cs using Guid(397d94e41eeba364f956ded1d5399315) Importer(815301076,1909f56bfc062723c751e8b465ee728b)  -> (artifact id: '64531d38cb126fbaf3635b80bcad3ca8') in 0.006531 seconds
  Import took 0.008145 seconds .

========================================================================
Received Prepare
Registering precompiled user dll's ...
Registered in 0.000308 seconds.
Begin MonoManager ReloadAssembly
Native extension for WindowsStandalone target not found
Refreshing native plugins compatible for Editor in 0.19 ms, found 0 plugins.
Preloading 0 native plugins for Editor in 0.00 ms.
Invoked RoslynAnalysisRunner static constructor.
RoslynAnalysisRunner will not be running.
RoslynAnalysisRunner has terminated.
Mono: successfully reloaded assembly
- Completed reload, in  0.500 seconds
Platform modules already initialized, skipping
Refreshing native plugins compatible for Editor in 0.19 ms, found 0 plugins.
Preloading 0 native plugins for Editor in 0.00 ms.
Unloading 1125 Unused Serialized files (Serialized files now loaded: 0)
System memory in use before: 129.0 MB.
System memory in use after: 129.1 MB.

Unloading 6 unused Assets to reduce memory usage. Loaded Objects now: 1596.
Total: 1.275100 ms (FindLiveObjects: 0.143400 ms CreateObjectMapping: 0.026900 ms MarkObjects: 1.065300 ms  DeleteObjects: 0.038700 ms)

========================================================================
Received Import Request.
  Time since last request: 11.521444 seconds.
  path: Assets/Scripts/Enemy/EnemyHp.cs
  artifactKey: Guid(633c165ca67ee0642b0ebf1410a42ecd) Importer(815301076,1909f56bfc062723c751e8b465ee728b)
Start importing Assets/Scripts/Enemy/EnemyHp.cs using Guid(633c165ca67ee0642b0ebf1410a42ecd) Importer(815301076,1909f56bfc062723c751e8b465ee728b)  -> (artifact id: 'fc31e6c30b11a594f5221a0e068d0f63') in 0.006479 seconds
  Import took 0.008083 seconds .

========================================================================
Received Prepare
Registering precompiled user dll's ...
Registered in 0.000292 seconds.
Begin MonoManager ReloadAssembly
Native extension for WindowsStandalone target not found
Refreshing native plugins compatible for Editor in 0.19 ms, found 0 plugins.
Preloading 0 native plugins for Editor in 0.00 ms.
Invoked RoslynAnalysisRunner static constructor.
RoslynAnalysisRunner will not be running.
RoslynAnalysisRunner has terminated.
Mono: successfully reloaded assembly
- Completed reload, in  0.511 seconds
Platform modules already initialized, skipping
Refreshing native plugins compatible for Editor in 0.19 ms, found 0 plugins.
Preloading 0 native plugins for Editor in 0.00 ms.
Unloading 1126 Unused Serialized files (Serialized files now loaded: 0)
System memory in use before: 129.1 MB.
System memory in use after: 129.2 MB.

Unloading 5 unused Assets to reduce memory usage. Loaded Objects now: 1600.
Total: 1.349400 ms (FindLiveObjects: 0.114600 ms CreateObjectMapping: 0.027800 ms MarkObjects: 1.169700 ms  DeleteObjects: 0.036600 ms)

========================================================================
Received Import Request.
  Time since last request: 231.538286 seconds.
  path: Assets/Scripts/Enemy/ItemDrop.cs
  artifactKey: Guid(314182f6d8cd87b4c878d9029a2f07a2) Importer(815301076,1909f56bfc062723c751e8b465ee728b)
Start importing Assets/Scripts/Enemy/ItemDrop.cs using Guid(314182f6d8cd87b4c878d9029a2f07a2) Importer(815301076,1909f56bfc062723c751e8b465ee728b)  -> (artifact id: '6974be7e2da16f1489759379dd27ab24') in 0.006641 seconds
  Import took 0.008399 seconds .

========================================================================
Received Prepare
Registering precompiled user dll's ...
Registered in 0.000420 seconds.
Begin MonoManager ReloadAssembly
Native extension for WindowsStandalone target not found
Refreshing native plugins compatible for Editor in 0.20 ms, found 0 plugins.
Preloading 0 native plugins for Editor in 0.00 ms.
Invoked RoslynAnalysisRunner static constructor.
RoslynAnalysisRunner will not be running.
RoslynAnalysisRunner has terminated.
Mono: successfully reloaded assembly
- Completed reload, in  0.559 seconds
Platform modules already initialized, skipping
Refreshing native plugins compatible for Editor in 0.19 ms, found 0 plugins.
Preloading 0 native plugins for Editor in 0.00 ms.
Unloading 1127 Unused Serialized files (Serialized files now loaded: 0)
System memory in use before: 129.1 MB.
System memory in use after: 129.2 MB.

Unloading 5 unused Assets to reduce memory usage. Loaded Objects now: 1604.
Total: 1.442500 ms (FindLiveObjects: 0.109800 ms CreateObjectMapping: 0.027800 ms MarkObjects: 1.259500 ms  DeleteObjects: 0.044800 ms)

========================================================================
Received Prepare
Registering precompiled user dll's ...
Registered in 0.000311 seconds.
Begin MonoManager ReloadAssembly
Native extension for WindowsStandalone target not found
Refreshing native plugins compatible for Editor in 0.20 ms, found 0 plugins.
Preloading 0 native plugins for Editor in 0.00 ms.
Invoked RoslynAnalysisRunner static constructor.
RoslynAnalysisRunner will not be running.
RoslynAnalysisRunner has terminated.
Mono: successfully reloaded assembly
- Completed reload, in  0.513 seconds
Platform modules already initialized, skipping
Refreshing native plugins compatible for Editor in 0.20 ms, found 0 plugins.
Preloading 0 native plugins for Editor in 0.00 ms.
Unloading 1127 Unused Serialized files (Serialized files now loaded: 0)
System memory in use before: 129.1 MB.
System memory in use after: 129.2 MB.

Unloading 5 unused Assets to reduce memory usage. Loaded Objects now: 1607.
Total: 1.433500 ms (FindLiveObjects: 0.097000 ms CreateObjectMapping: 0.026900 ms MarkObjects: 1.274500 ms  DeleteObjects: 0.034400 ms)

========================================================================
Received Import Request.
  Time since last request: 120.174283 seconds.
  path: Assets/Scripts/Enemy/ItemDrop.cs
  artifactKey: Guid(314182f6d8cd87b4c878d9029a2f07a2) Importer(815301076,1909f56bfc062723c751e8b465ee728b)
Start importing Assets/Scripts/Enemy/ItemDrop.cs using Guid(314182f6d8cd87b4c878d9029a2f07a2) Importer(815301076,1909f56bfc062723c751e8b465ee728b)  -> (artifact id: '37d345c7790459b6b2f481ba52094f78') in 0.005323 seconds
  Import took 0.006907 seconds .

========================================================================
Received Import Request.
  Time since last request: 0.004568 seconds.
  path: Assets/Scripts/Enemy/ItemDrop.cs
  artifactKey: Guid(314182f6d8cd87b4c878d9029a2f07a2) Importer(815301076,1909f56bfc062723c751e8b465ee728b)
Start importing Assets/Scripts/Enemy/ItemDrop.cs using Guid(314182f6d8cd87b4c878d9029a2f07a2) Importer(815301076,1909f56bfc062723c751e8b465ee728b)  -> (artifact id: '37d345c7790459b6b2f481ba52094f78') in 0.001346 seconds
  Import took 0.003026 seconds .

========================================================================
Received Import Request.
  Time since last request: 38.097547 seconds.
  path: Assets/Scripts/Gun.cs
  artifactKey: Guid(5c45eadb8538cbd4a9a8e2892a3e0dfa) Importer(815301076,1909f56bfc062723c751e8b465ee728b)
Start importing Assets/Scripts/Gun.cs using Guid(5c45eadb8538cbd4a9a8e2892a3e0dfa) Importer(815301076,1909f56bfc062723c751e8b465ee728b)  -> (artifact id: 'be087b556cfaa2ca0a67a940d5d15d1b') in 0.016475 seconds
  Import took 0.018176 seconds .

AssetImportWorkerClient::OnTransportError - code=2 error=End of file
