Using pre-set license
Built from '2020.2/staging' branch; Version is '2020.2.7f1 (c53830e277f1) revision 12924976'; Using compiler version '192528614'; Build Type 'Release'
OS: 'Windows 10 Pro; OS build 19042.928; Version 2009; 64bit' Language: 'pt' Physical Memory: 8072 MB
BatchMode: 1, IsHumanControllingUs: 0, StartBugReporterOnCrash: 0, Is64bit: 1, IsPro: 0

 COMMAND LINE ARGUMENTS:
C:\Program Files\Unity\Hub\Editor\2020.2.7f1\Editor\Unity.exe
-adb2
-batchMode
-noUpm
-name
AssetImportWorker0
-projectPath
C:/Users/Shots/Documents/GitHub/TheRescue
-logFile
Logs/AssetImportWorker0.log
-srvPort
60444
Successfully changed project path to: C:/Users/Shots/Documents/GitHub/TheRescue
C:/Users/Shots/Documents/GitHub/TheRescue
Using Asset Import Pipeline V2.
Refreshing native plugins compatible for Editor in 24.45 ms, found 0 plugins.
Preloading 0 native plugins for Editor in 0.00 ms.
Initialize engine version: 2020.2.7f1 (c53830e277f1)
[Subsystems] Discovering subsystems at path C:/Program Files/Unity/Hub/Editor/2020.2.7f1/Editor/Data/Resources/UnitySubsystems
[Subsystems] Discovering subsystems at path C:/Users/Shots/Documents/GitHub/TheRescue/Assets
GfxDevice: creating device client; threaded=0
Direct3D:
    Version:  Direct3D 11.0 [level 11.1]
    Renderer: NVIDIA GeForce GTX 1050 (ID=0x1c91)
    Vendor:   
    VRAM:     2996 MB
    Driver:   27.21.14.6611
Initialize mono
Mono path[0] = 'C:/Program Files/Unity/Hub/Editor/2020.2.7f1/Editor/Data/Managed'
Mono path[1] = 'C:/Program Files/Unity/Hub/Editor/2020.2.7f1/Editor/Data/MonoBleedingEdge/lib/mono/unityjit'
Mono config path = 'C:/Program Files/Unity/Hub/Editor/2020.2.7f1/Editor/Data/MonoBleedingEdge/etc'
Using monoOptions --debugger-agent=transport=dt_socket,embedding=1,server=y,suspend=n,address=127.0.0.1:56948
Begin MonoManager ReloadAssembly
Registering precompiled unity dll's ...
Register platform support module: C:/Program Files/Unity/Hub/Editor/2020.2.7f1/Editor/Data/PlaybackEngines/WindowsStandaloneSupport/UnityEditor.WindowsStandalone.Extensions.dll
Registered in 0.001941 seconds.
Native extension for WindowsStandalone target not found
Refreshing native plugins compatible for Editor in 24.25 ms, found 0 plugins.
Preloading 0 native plugins for Editor in 0.00 ms.
Invoked RoslynAnalysisRunner static constructor.
RoslynAnalysisRunner will not be running.
RoslynAnalysisRunner has terminated.
Mono: successfully reloaded assembly
- Completed reload, in  1.279 seconds
Platform modules already initialized, skipping
Registering precompiled user dll's ...
Registered in 0.000650 seconds.
Begin MonoManager ReloadAssembly
Native extension for WindowsStandalone target not found
Refreshing native plugins compatible for Editor in 0.23 ms, found 0 plugins.
Preloading 0 native plugins for Editor in 0.00 ms.
Invoked RoslynAnalysisRunner static constructor.
RoslynAnalysisRunner will not be running.
RoslynAnalysisRunner has terminated.
Mono: successfully reloaded assembly
- Completed reload, in  0.888 seconds
Platform modules already initialized, skipping
========================================================================
Worker process is ready to serve import requests
Launched and connected shader compiler UnityShaderCompiler.exe after 0.06 seconds
Refreshing native plugins compatible for Editor in 0.23 ms, found 0 plugins.
Preloading 0 native plugins for Editor in 0.00 ms.
Unloading 1160 Unused Serialized files (Serialized files now loaded: 0)
System memory in use before: 157.0 MB.
System memory in use after: 157.0 MB.

Unloading 9 unused Assets to reduce memory usage. Loaded Objects now: 1625.
Total: 2.922400 ms (FindLiveObjects: 0.319800 ms CreateObjectMapping: 0.104400 ms MarkObjects: 2.408600 ms  DeleteObjects: 0.087800 ms)

========================================================================
Received Prepare
Registering precompiled user dll's ...
Registered in 0.000671 seconds.
Begin MonoManager ReloadAssembly
Native extension for WindowsStandalone target not found
Refreshing native plugins compatible for Editor in 0.21 ms, found 0 plugins.
Preloading 0 native plugins for Editor in 0.00 ms.
Invoked RoslynAnalysisRunner static constructor.
RoslynAnalysisRunner will not be running.
RoslynAnalysisRunner has terminated.
Mono: successfully reloaded assembly
- Completed reload, in  0.902 seconds
Platform modules already initialized, skipping
Refreshing native plugins compatible for Editor in 0.22 ms, found 0 plugins.
Preloading 0 native plugins for Editor in 0.00 ms.
Unloading 1152 Unused Serialized files (Serialized files now loaded: 0)
System memory in use before: 156.7 MB.
System memory in use after: 156.8 MB.

Unloading 5 unused Assets to reduce memory usage. Loaded Objects now: 1628.
Total: 2.520500 ms (FindLiveObjects: 0.157200 ms CreateObjectMapping: 0.044600 ms MarkObjects: 2.252600 ms  DeleteObjects: 0.065000 ms)

========================================================================
Received Import Request.
  path: Assets/Scripts/Guns/Rifle.cs
  artifactKey: Guid(84b27fbf5143e6a49a2dfd3a0db768f1) Importer(815301076,1909f56bfc062723c751e8b465ee728b)
Start importing Assets/Scripts/Guns/Rifle.cs using Guid(84b27fbf5143e6a49a2dfd3a0db768f1) Importer(815301076,1909f56bfc062723c751e8b465ee728b)  -> (artifact id: '5869ccdf0e8e267590c6cf5181274f32') in 0.037458 seconds
  Import took 0.039291 seconds .

========================================================================
Received Prepare
Registering precompiled user dll's ...
Registered in 0.001278 seconds.
Begin MonoManager ReloadAssembly
Native extension for WindowsStandalone target not found
Refreshing native plugins compatible for Editor in 0.25 ms, found 0 plugins.
Preloading 0 native plugins for Editor in 0.00 ms.
Invoked RoslynAnalysisRunner static constructor.
RoslynAnalysisRunner will not be running.
RoslynAnalysisRunner has terminated.
Mono: successfully reloaded assembly
- Completed reload, in  0.769 seconds
Platform modules already initialized, skipping
Refreshing native plugins compatible for Editor in 0.22 ms, found 0 plugins.
Preloading 0 native plugins for Editor in 0.00 ms.
Unloading 1152 Unused Serialized files (Serialized files now loaded: 0)
System memory in use before: 156.7 MB.
System memory in use after: 156.8 MB.

Unloading 5 unused Assets to reduce memory usage. Loaded Objects now: 1631.
Total: 2.384800 ms (FindLiveObjects: 0.432700 ms CreateObjectMapping: 0.094000 ms MarkObjects: 1.791300 ms  DeleteObjects: 0.063300 ms)

========================================================================
Received Import Request.
  Time since last request: 96.002166 seconds.
  path: Assets/Sprites
  artifactKey: Guid(24b9320783b74dd41acec23508e548ec) Importer(815301076,1909f56bfc062723c751e8b465ee728b)
Start importing Assets/Sprites using Guid(24b9320783b74dd41acec23508e548ec) Importer(815301076,1909f56bfc062723c751e8b465ee728b)  -> (artifact id: '3a1a1a8b0561648b19792a1a5c773b6f') in 0.007663 seconds
  Import took 0.009619 seconds .

========================================================================
Received Import Request.
  Time since last request: 4.084235 seconds.
  path: Assets/Sprites/BulletHole.mat
  artifactKey: Guid(06ea7069b6886a945abeef05c0482444) Importer(815301076,1909f56bfc062723c751e8b465ee728b)
Start importing Assets/Sprites/BulletHole.mat using Guid(06ea7069b6886a945abeef05c0482444) Importer(815301076,1909f56bfc062723c751e8b465ee728b)  -> (artifact id: '23e7f05f370d7d124f1f17e31414ac64') in 0.113677 seconds
  Import took 0.116137 seconds .

========================================================================
Received Import Request.
  Time since last request: 4.825673 seconds.
  path: Assets/RifleAnimsetPro/Models/Textures/Character.png
  artifactKey: Guid(019399c0bc38eee42a3bd996e8ab59da) Importer(815301076,1909f56bfc062723c751e8b465ee728b)
Start importing Assets/RifleAnimsetPro/Models/Textures/Character.png using Guid(019399c0bc38eee42a3bd996e8ab59da) Importer(815301076,1909f56bfc062723c751e8b465ee728b)  -> (artifact id: 'a10b3f71a3792d4740946735276f1091') in 0.052067 seconds
  Import took 0.057358 seconds .

========================================================================
Received Import Request.
  Time since last request: 0.000278 seconds.
  path: Assets/RifleAnimsetPro/UI/Crosshair.png
  artifactKey: Guid(b6f76fe1c18395a4a871a7aada09ab94) Importer(815301076,1909f56bfc062723c751e8b465ee728b)
Start importing Assets/RifleAnimsetPro/UI/Crosshair.png using Guid(b6f76fe1c18395a4a871a7aada09ab94) Importer(815301076,1909f56bfc062723c751e8b465ee728b)  -> (artifact id: '2a3dcf00bb1338a21f06d76f06b94442') in 0.037318 seconds
  Import took 0.041811 seconds .

========================================================================
Received Import Request.
  Time since last request: 0.000581 seconds.
  path: Assets/RifleAnimsetPro/Models/Textures/Character.png
  artifactKey: Guid(019399c0bc38eee42a3bd996e8ab59da) Importer(815301076,1909f56bfc062723c751e8b465ee728b)
Start importing Assets/RifleAnimsetPro/Models/Textures/Character.png using Guid(019399c0bc38eee42a3bd996e8ab59da) Importer(815301076,1909f56bfc062723c751e8b465ee728b)  -> (artifact id: 'a10b3f71a3792d4740946735276f1091') in 0.072034 seconds
  Import took 0.078609 seconds .

========================================================================
Received Import Request.
  Time since last request: 0.000202 seconds.
  path: Assets/RifleAnimsetPro/UI/Crosshair.png
  artifactKey: Guid(b6f76fe1c18395a4a871a7aada09ab94) Importer(815301076,1909f56bfc062723c751e8b465ee728b)
Start importing Assets/RifleAnimsetPro/UI/Crosshair.png using Guid(b6f76fe1c18395a4a871a7aada09ab94) Importer(815301076,1909f56bfc062723c751e8b465ee728b)  -> (artifact id: '2a3dcf00bb1338a21f06d76f06b94442') in 0.008967 seconds
  Import took 0.011803 seconds .

========================================================================
Received Import Request.
  Time since last request: 0.892786 seconds.
  path: Assets/RifleAnimsetPro/Models/Textures/Dummy.png
  artifactKey: Guid(92917c75ff40fa74fa0474e0eb6b2cc3) Importer(815301076,1909f56bfc062723c751e8b465ee728b)
Start importing Assets/RifleAnimsetPro/Models/Textures/Dummy.png using Guid(92917c75ff40fa74fa0474e0eb6b2cc3) Importer(815301076,1909f56bfc062723c751e8b465ee728b)  -> (artifact id: '650e4741d0bf8c601bf8281d937938dc') in 0.016640 seconds
  Import took 0.018913 seconds .

========================================================================
Received Import Request.
  Time since last request: 0.274447 seconds.
  path: Assets/RifleAnimsetPro/UI/Dust.png
  artifactKey: Guid(e735b4c5cc8325e4ca5a42b6996d89c5) Importer(815301076,1909f56bfc062723c751e8b465ee728b)
Start importing Assets/RifleAnimsetPro/UI/Dust.png using Guid(e735b4c5cc8325e4ca5a42b6996d89c5) Importer(815301076,1909f56bfc062723c751e8b465ee728b)  -> (artifact id: '158582ca95052c57a3e269f52546e427') in 0.024693 seconds
  Import took 0.028612 seconds .

========================================================================
Received Import Request.
  Time since last request: 258.315813 seconds.
  path: Assets/Sprites/bulletHole.png
  artifactKey: Guid(faa68ad8f04916548bfa8cd8b22fbab1) Importer(815301076,1909f56bfc062723c751e8b465ee728b)
Start importing Assets/Sprites/bulletHole.png using Guid(faa68ad8f04916548bfa8cd8b22fbab1) Importer(815301076,1909f56bfc062723c751e8b465ee728b)  -> (artifact id: '90810cc3dfea190c38bd21b490d68f62') in 0.015412 seconds
  Import took 0.018109 seconds .

========================================================================
Received Import Request.
  Time since last request: 0.003985 seconds.
  path: Assets/Sprites/bulletHole.png
  artifactKey: Guid(faa68ad8f04916548bfa8cd8b22fbab1) Importer(815301076,1909f56bfc062723c751e8b465ee728b)
Start importing Assets/Sprites/bulletHole.png using Guid(faa68ad8f04916548bfa8cd8b22fbab1) Importer(815301076,1909f56bfc062723c751e8b465ee728b)  -> (artifact id: '90810cc3dfea190c38bd21b490d68f62') in 0.008617 seconds
  Import took 0.011051 seconds .

========================================================================
Received Import Request.
  Time since last request: 6.033677 seconds.
  path: Assets/Sprites/bulletHole.png
  artifactKey: Guid(faa68ad8f04916548bfa8cd8b22fbab1) Importer(815301076,1909f56bfc062723c751e8b465ee728b)
Start importing Assets/Sprites/bulletHole.png using Guid(faa68ad8f04916548bfa8cd8b22fbab1) Importer(815301076,1909f56bfc062723c751e8b465ee728b)  -> (artifact id: 'fdbab436d7daa3daccab3b0b56c78da9') in 0.034992 seconds
  Import took 0.038023 seconds .

========================================================================
Received Import Request.
  Time since last request: 9.480745 seconds.
  path: Assets/Scenes/SampleScene.unity
  artifactKey: Guid(9fc0d4010bbf28b4594072e72b8655ab) Importer(815301076,1909f56bfc062723c751e8b465ee728b)
Start importing Assets/Scenes/SampleScene.unity using Guid(9fc0d4010bbf28b4594072e72b8655ab) Importer(815301076,1909f56bfc062723c751e8b465ee728b)  -> (artifact id: '9985c6334a913eedbd154969af651cdf') in 0.015254 seconds
  Import took 0.018985 seconds .

========================================================================
Received Import Request.
  Time since last request: 1.058083 seconds.
  path: Assets/Scenes/SampleScene.unity
  artifactKey: Guid(9fc0d4010bbf28b4594072e72b8655ab) Importer(815301076,1909f56bfc062723c751e8b465ee728b)
Start importing Assets/Scenes/SampleScene.unity using Guid(9fc0d4010bbf28b4594072e72b8655ab) Importer(815301076,1909f56bfc062723c751e8b465ee728b)  -> (artifact id: '722236469d4fe1db1b8d5dbd80014f59') in 0.003389 seconds
  Import took 0.005394 seconds .

========================================================================
Received Import Request.
  Time since last request: 168.490822 seconds.
  path: Assets/Sprites/Materials
  artifactKey: Guid(d174dc53fb37e8a40b162edf8e343dd4) Importer(815301076,1909f56bfc062723c751e8b465ee728b)
Start importing Assets/Sprites/Materials using Guid(d174dc53fb37e8a40b162edf8e343dd4) Importer(815301076,1909f56bfc062723c751e8b465ee728b)  -> (artifact id: '1bbe4ebfc1b09efe8c850fb14822c053') in 0.009381 seconds
  Import took 0.013928 seconds .

========================================================================
Received Import Request.
  Time since last request: 0.084003 seconds.
  path: Assets/Sprites/Materials/bulletHole.mat
  artifactKey: Guid(f08d292bc82c33e4bba826d7838641a4) Importer(815301076,1909f56bfc062723c751e8b465ee728b)
Start importing Assets/Sprites/Materials/bulletHole.mat using Guid(f08d292bc82c33e4bba826d7838641a4) Importer(815301076,1909f56bfc062723c751e8b465ee728b)  -> (artifact id: 'fda574e954ba9648ae7bac34393cff1e') in 0.019422 seconds
  Import took 0.026151 seconds .

========================================================================
Received Import Request.
  Time since last request: 122.336166 seconds.
  path: Assets/Sprites/Materials/bHole.prefab
  artifactKey: Guid(1a7f604376e8c9d4cb0760017bd0c30a) Importer(815301076,1909f56bfc062723c751e8b465ee728b)
Start importing Assets/Sprites/Materials/bHole.prefab using Guid(1a7f604376e8c9d4cb0760017bd0c30a) Importer(815301076,1909f56bfc062723c751e8b465ee728b)  -> (artifact id: 'ed52b771407a943bc3fb496a1ade3fe0') in 0.035107 seconds
  Import took 0.039355 seconds .

========================================================================
Received Import Request.
  Time since last request: 0.000813 seconds.
  path: Assets/Sprites/Materials/bHole.prefab
  artifactKey: Guid(1a7f604376e8c9d4cb0760017bd0c30a) Importer(815301076,1909f56bfc062723c751e8b465ee728b)
Start importing Assets/Sprites/Materials/bHole.prefab using Guid(1a7f604376e8c9d4cb0760017bd0c30a) Importer(815301076,1909f56bfc062723c751e8b465ee728b)  -> (artifact id: 'ed52b771407a943bc3fb496a1ade3fe0') in 0.013054 seconds
  Import took 0.017154 seconds .

========================================================================
Received Import Request.
  Time since last request: 20.586122 seconds.
  path: Assets/Scenes/SampleScene
  artifactKey: Guid(557fa1ca5f899a843ab18f6a5ffac36a) Importer(815301076,1909f56bfc062723c751e8b465ee728b)
Start importing Assets/Scenes/SampleScene using Guid(557fa1ca5f899a843ab18f6a5ffac36a) Importer(815301076,1909f56bfc062723c751e8b465ee728b)  -> (artifact id: '21b34cd58d3d73c678ac6f1d0aeda72e') in 0.012457 seconds
  Import took 0.015198 seconds .

========================================================================
Received Import Request.
  Time since last request: 0.076377 seconds.
  path: Assets/Scenes/SampleScene/NavMesh-NavMesh.asset
  artifactKey: Guid(e5df3987d683b2141ad427cf7a410445) Importer(815301076,1909f56bfc062723c751e8b465ee728b)
Start importing Assets/Scenes/SampleScene/NavMesh-NavMesh.asset using Guid(e5df3987d683b2141ad427cf7a410445) Importer(815301076,1909f56bfc062723c751e8b465ee728b)  -> (artifact id: '0872cbeb1b88899298205bb1996962ac') in 0.011023 seconds
  Import took 0.014560 seconds .

========================================================================
Received Import Request.
  Time since last request: 0.000293 seconds.
  path: Assets/Scenes/SampleScene/NavMesh.asset
  artifactKey: Guid(9bb050076d720a242b34265b22727ee5) Importer(815301076,1909f56bfc062723c751e8b465ee728b)
Start importing Assets/Scenes/SampleScene/NavMesh.asset using Guid(9bb050076d720a242b34265b22727ee5) Importer(815301076,1909f56bfc062723c751e8b465ee728b)  -> (artifact id: 'e6068a005aefb785cf9593d860b450ac') in 0.008245 seconds
  Import took 0.010343 seconds .

========================================================================
Received Import Request.
  Time since last request: 11.055784 seconds.
  path: Assets/Sprites/Materials/bulletHole.mat
  artifactKey: Guid(f08d292bc82c33e4bba826d7838641a4) Importer(815301076,1909f56bfc062723c751e8b465ee728b)
Start importing Assets/Sprites/Materials/bulletHole.mat using Guid(f08d292bc82c33e4bba826d7838641a4) Importer(815301076,1909f56bfc062723c751e8b465ee728b)  -> (artifact id: '38107b05ecda9f8f730e91f8cf1b2ab9') in 0.013318 seconds
  Import took 0.015493 seconds .

========================================================================
Received Prepare
Registering precompiled user dll's ...
Registered in 0.001421 seconds.
Begin MonoManager ReloadAssembly
Native extension for WindowsStandalone target not found
Refreshing native plugins compatible for Editor in 0.38 ms, found 0 plugins.
Preloading 0 native plugins for Editor in 0.00 ms.
Invoked RoslynAnalysisRunner static constructor.
RoslynAnalysisRunner will not be running.
RoslynAnalysisRunner has terminated.
Mono: successfully reloaded assembly
- Completed reload, in  1.502 seconds
Platform modules already initialized, skipping
Refreshing native plugins compatible for Editor in 0.83 ms, found 0 plugins.
Preloading 0 native plugins for Editor in 0.00 ms.
Unloading 1152 Unused Serialized files (Serialized files now loaded: 0)
System memory in use before: 160.1 MB.
System memory in use after: 160.2 MB.

Unloading 5 unused Assets to reduce memory usage. Loaded Objects now: 1680.
Total: 5.960800 ms (FindLiveObjects: 0.678000 ms CreateObjectMapping: 0.308200 ms MarkObjects: 4.864100 ms  DeleteObjects: 0.106700 ms)

========================================================================
Received Import Request.
  Time since last request: 59.027650 seconds.
  path: Assets/Sprites/Materials/bHole.prefab
  artifactKey: Guid(1a7f604376e8c9d4cb0760017bd0c30a) Importer(815301076,1909f56bfc062723c751e8b465ee728b)
Start importing Assets/Sprites/Materials/bHole.prefab using Guid(1a7f604376e8c9d4cb0760017bd0c30a) Importer(815301076,1909f56bfc062723c751e8b465ee728b)  -> (artifact id: '43a002861109fa7898713084db3e968d') in 0.092234 seconds
  Import took 0.097652 seconds .

========================================================================
Received Import Request.
  Time since last request: 11.354486 seconds.
  path: Assets/Sprites/Materials/bHole.prefab
  artifactKey: Guid(1a7f604376e8c9d4cb0760017bd0c30a) Importer(815301076,1909f56bfc062723c751e8b465ee728b)
Start importing Assets/Sprites/Materials/bHole.prefab using Guid(1a7f604376e8c9d4cb0760017bd0c30a) Importer(815301076,1909f56bfc062723c751e8b465ee728b)  -> (artifact id: '2d2695bea7b33b27b1f3d17aa73cdeef') in 0.019249 seconds
  Import took 0.025148 seconds .

========================================================================
Received Import Request.
  Time since last request: 11.742360 seconds.
  path: Assets/Sprites/Materials/bHole.prefab
  artifactKey: Guid(1a7f604376e8c9d4cb0760017bd0c30a) Importer(815301076,1909f56bfc062723c751e8b465ee728b)
Start importing Assets/Sprites/Materials/bHole.prefab using Guid(1a7f604376e8c9d4cb0760017bd0c30a) Importer(815301076,1909f56bfc062723c751e8b465ee728b)  -> (artifact id: 'd80f7737cd1b8f12f56d5a10fac4fcf6') in 0.017442 seconds
  Import took 0.022188 seconds .

========================================================================
Received Import Request.
  Time since last request: 11.098897 seconds.
  path: Assets/Sprites/Materials/bHole.prefab
  artifactKey: Guid(1a7f604376e8c9d4cb0760017bd0c30a) Importer(815301076,1909f56bfc062723c751e8b465ee728b)
Start importing Assets/Sprites/Materials/bHole.prefab using Guid(1a7f604376e8c9d4cb0760017bd0c30a) Importer(815301076,1909f56bfc062723c751e8b465ee728b)  -> (artifact id: '172cfa0c38093e0c6b6a551f1c4b72be') in 0.010118 seconds
  Import took 0.013578 seconds .

========================================================================
Received Prepare
Registering precompiled user dll's ...
Registered in 0.000782 seconds.
Begin MonoManager ReloadAssembly
Native extension for WindowsStandalone target not found
Refreshing native plugins compatible for Editor in 0.22 ms, found 0 plugins.
Preloading 0 native plugins for Editor in 0.00 ms.
Invoked RoslynAnalysisRunner static constructor.
RoslynAnalysisRunner will not be running.
RoslynAnalysisRunner has terminated.
Mono: successfully reloaded assembly
- Completed reload, in  0.944 seconds
Platform modules already initialized, skipping
Refreshing native plugins compatible for Editor in 0.22 ms, found 0 plugins.
Preloading 0 native plugins for Editor in 0.00 ms.
Unloading 1152 Unused Serialized files (Serialized files now loaded: 0)
System memory in use before: 160.2 MB.
System memory in use after: 160.3 MB.

Unloading 5 unused Assets to reduce memory usage. Loaded Objects now: 1684.
Total: 1.520800 ms (FindLiveObjects: 0.135400 ms CreateObjectMapping: 0.035000 ms MarkObjects: 1.298000 ms  DeleteObjects: 0.051600 ms)

========================================================================
Received Prepare
Registering precompiled user dll's ...
Registered in 0.000663 seconds.
Begin MonoManager ReloadAssembly
Native extension for WindowsStandalone target not found
Refreshing native plugins compatible for Editor in 0.25 ms, found 0 plugins.
Preloading 0 native plugins for Editor in 0.00 ms.
Invoked RoslynAnalysisRunner static constructor.
RoslynAnalysisRunner will not be running.
RoslynAnalysisRunner has terminated.
Mono: successfully reloaded assembly
- Completed reload, in  0.868 seconds
Platform modules already initialized, skipping
Refreshing native plugins compatible for Editor in 0.25 ms, found 0 plugins.
Preloading 0 native plugins for Editor in 0.00 ms.
Unloading 1152 Unused Serialized files (Serialized files now loaded: 0)
System memory in use before: 160.2 MB.
System memory in use after: 160.3 MB.

Unloading 5 unused Assets to reduce memory usage. Loaded Objects now: 1687.
Total: 2.453300 ms (FindLiveObjects: 0.204900 ms CreateObjectMapping: 0.041900 ms MarkObjects: 2.126400 ms  DeleteObjects: 0.078900 ms)

========================================================================
Received Prepare
Registering precompiled user dll's ...
Registered in 0.001025 seconds.
Begin MonoManager ReloadAssembly
Native extension for WindowsStandalone target not found
Refreshing native plugins compatible for Editor in 0.30 ms, found 0 plugins.
Preloading 0 native plugins for Editor in 0.00 ms.
Invoked RoslynAnalysisRunner static constructor.
RoslynAnalysisRunner will not be running.
RoslynAnalysisRunner has terminated.
Mono: successfully reloaded assembly
- Completed reload, in  1.294 seconds
Platform modules already initialized, skipping
Refreshing native plugins compatible for Editor in 0.30 ms, found 0 plugins.
Preloading 0 native plugins for Editor in 0.00 ms.
Unloading 1152 Unused Serialized files (Serialized files now loaded: 0)
System memory in use before: 160.2 MB.
System memory in use after: 160.3 MB.

Unloading 5 unused Assets to reduce memory usage. Loaded Objects now: 1690.
Total: 3.237400 ms (FindLiveObjects: 0.216300 ms CreateObjectMapping: 0.071900 ms MarkObjects: 2.857100 ms  DeleteObjects: 0.089800 ms)

========================================================================
Received Prepare
Registering precompiled user dll's ...
Registered in 0.000689 seconds.
Begin MonoManager ReloadAssembly
Native extension for WindowsStandalone target not found
Refreshing native plugins compatible for Editor in 0.25 ms, found 0 plugins.
Preloading 0 native plugins for Editor in 0.00 ms.
Invoked RoslynAnalysisRunner static constructor.
RoslynAnalysisRunner will not be running.
RoslynAnalysisRunner has terminated.
Mono: successfully reloaded assembly
- Completed reload, in  0.843 seconds
Platform modules already initialized, skipping
Refreshing native plugins compatible for Editor in 0.24 ms, found 0 plugins.
Preloading 0 native plugins for Editor in 0.00 ms.
Unloading 1152 Unused Serialized files (Serialized files now loaded: 0)
System memory in use before: 160.2 MB.
System memory in use after: 160.3 MB.

Unloading 5 unused Assets to reduce memory usage. Loaded Objects now: 1693.
Total: 2.047200 ms (FindLiveObjects: 0.162400 ms CreateObjectMapping: 0.042600 ms MarkObjects: 1.769200 ms  DeleteObjects: 0.071800 ms)

========================================================================
Received Prepare
Registering precompiled user dll's ...
Registered in 0.003347 seconds.
Begin MonoManager ReloadAssembly
Native extension for WindowsStandalone target not found
Refreshing native plugins compatible for Editor in 0.38 ms, found 0 plugins.
Preloading 0 native plugins for Editor in 0.00 ms.
Invoked RoslynAnalysisRunner static constructor.
RoslynAnalysisRunner will not be running.
RoslynAnalysisRunner has terminated.
Mono: successfully reloaded assembly
- Completed reload, in  1.549 seconds
Platform modules already initialized, skipping
Refreshing native plugins compatible for Editor in 0.36 ms, found 0 plugins.
Preloading 0 native plugins for Editor in 0.00 ms.
Unloading 1152 Unused Serialized files (Serialized files now loaded: 0)
System memory in use before: 160.2 MB.
System memory in use after: 160.3 MB.

Unloading 5 unused Assets to reduce memory usage. Loaded Objects now: 1696.
Total: 2.575000 ms (FindLiveObjects: 0.180000 ms CreateObjectMapping: 0.050600 ms MarkObjects: 2.275100 ms  DeleteObjects: 0.067800 ms)

========================================================================
Received Prepare
Registering precompiled user dll's ...
Registered in 0.000685 seconds.
Begin MonoManager ReloadAssembly
Native extension for WindowsStandalone target not found
Refreshing native plugins compatible for Editor in 0.21 ms, found 0 plugins.
Preloading 0 native plugins for Editor in 0.00 ms.
Invoked RoslynAnalysisRunner static constructor.
RoslynAnalysisRunner will not be running.
RoslynAnalysisRunner has terminated.
Mono: successfully reloaded assembly
- Completed reload, in  0.734 seconds
Platform modules already initialized, skipping
Refreshing native plugins compatible for Editor in 0.24 ms, found 0 plugins.
Preloading 0 native plugins for Editor in 0.00 ms.
Unloading 1152 Unused Serialized files (Serialized files now loaded: 0)
System memory in use before: 160.2 MB.
System memory in use after: 160.3 MB.

Unloading 5 unused Assets to reduce memory usage. Loaded Objects now: 1699.
Total: 2.668100 ms (FindLiveObjects: 0.277800 ms CreateObjectMapping: 0.092900 ms MarkObjects: 2.220900 ms  DeleteObjects: 0.074200 ms)

========================================================================
Received Prepare
Registering precompiled user dll's ...
Registered in 0.000817 seconds.
Begin MonoManager ReloadAssembly
Native extension for WindowsStandalone target not found
Refreshing native plugins compatible for Editor in 0.32 ms, found 0 plugins.
Preloading 0 native plugins for Editor in 0.00 ms.
Invoked RoslynAnalysisRunner static constructor.
RoslynAnalysisRunner will not be running.
RoslynAnalysisRunner has terminated.
Mono: successfully reloaded assembly
- Completed reload, in  0.965 seconds
Platform modules already initialized, skipping
Refreshing native plugins compatible for Editor in 0.25 ms, found 0 plugins.
Preloading 0 native plugins for Editor in 0.00 ms.
Unloading 1152 Unused Serialized files (Serialized files now loaded: 0)
System memory in use before: 160.2 MB.
System memory in use after: 160.3 MB.

Unloading 5 unused Assets to reduce memory usage. Loaded Objects now: 1702.
Total: 1.736400 ms (FindLiveObjects: 0.155500 ms CreateObjectMapping: 0.044800 ms MarkObjects: 1.477400 ms  DeleteObjects: 0.057600 ms)

========================================================================
Received Prepare
Registering precompiled user dll's ...
Registered in 0.000688 seconds.
Begin MonoManager ReloadAssembly
Native extension for WindowsStandalone target not found
Refreshing native plugins compatible for Editor in 0.21 ms, found 0 plugins.
Preloading 0 native plugins for Editor in 0.00 ms.
Invoked RoslynAnalysisRunner static constructor.
RoslynAnalysisRunner will not be running.
RoslynAnalysisRunner has terminated.
Mono: successfully reloaded assembly
- Completed reload, in  0.729 seconds
Platform modules already initialized, skipping
Refreshing native plugins compatible for Editor in 0.44 ms, found 0 plugins.
Preloading 0 native plugins for Editor in 0.00 ms.
Unloading 1152 Unused Serialized files (Serialized files now loaded: 0)
System memory in use before: 160.2 MB.
System memory in use after: 160.3 MB.

Unloading 5 unused Assets to reduce memory usage. Loaded Objects now: 1705.
Total: 3.161600 ms (FindLiveObjects: 0.475500 ms CreateObjectMapping: 0.202200 ms MarkObjects: 2.418900 ms  DeleteObjects: 0.063400 ms)

========================================================================
Received Prepare
Registering precompiled user dll's ...
Registered in 0.000773 seconds.
Begin MonoManager ReloadAssembly
Native extension for WindowsStandalone target not found
Refreshing native plugins compatible for Editor in 0.22 ms, found 0 plugins.
Preloading 0 native plugins for Editor in 0.00 ms.
Invoked RoslynAnalysisRunner static constructor.
RoslynAnalysisRunner will not be running.
RoslynAnalysisRunner has terminated.
Mono: successfully reloaded assembly
- Completed reload, in  0.854 seconds
Platform modules already initialized, skipping
Refreshing native plugins compatible for Editor in 0.32 ms, found 0 plugins.
Preloading 0 native plugins for Editor in 0.00 ms.
Unloading 1152 Unused Serialized files (Serialized files now loaded: 0)
System memory in use before: 160.2 MB.
System memory in use after: 160.3 MB.

Unloading 5 unused Assets to reduce memory usage. Loaded Objects now: 1708.
Total: 1.993900 ms (FindLiveObjects: 0.257100 ms CreateObjectMapping: 0.090100 ms MarkObjects: 1.591800 ms  DeleteObjects: 0.052500 ms)

========================================================================
Received Import Request.
  Time since last request: 917.818013 seconds.
  path: Assets/Sprites/Materials/bHole.prefab
  artifactKey: Guid(1a7f604376e8c9d4cb0760017bd0c30a) Importer(815301076,1909f56bfc062723c751e8b465ee728b)
Start importing Assets/Sprites/Materials/bHole.prefab using Guid(1a7f604376e8c9d4cb0760017bd0c30a) Importer(815301076,1909f56bfc062723c751e8b465ee728b)  -> (artifact id: '426ab1b57dde7cdf35395f2b4da86f30') in 0.096147 seconds
  Import took 0.099771 seconds .

========================================================================
Received Prepare
Registering precompiled user dll's ...
Registered in 0.001551 seconds.
Begin MonoManager ReloadAssembly
Native extension for WindowsStandalone target not found
Refreshing native plugins compatible for Editor in 0.32 ms, found 0 plugins.
Preloading 0 native plugins for Editor in 0.00 ms.
Invoked RoslynAnalysisRunner static constructor.
RoslynAnalysisRunner will not be running.
RoslynAnalysisRunner has terminated.
Mono: successfully reloaded assembly
- Completed reload, in  2.013 seconds
Platform modules already initialized, skipping
Refreshing native plugins compatible for Editor in 0.37 ms, found 0 plugins.
Preloading 0 native plugins for Editor in 0.00 ms.
Unloading 1152 Unused Serialized files (Serialized files now loaded: 0)
System memory in use before: 160.2 MB.
System memory in use after: 160.3 MB.

Unloading 5 unused Assets to reduce memory usage. Loaded Objects now: 1712.
Total: 3.910700 ms (FindLiveObjects: 0.369800 ms CreateObjectMapping: 0.123500 ms MarkObjects: 3.341800 ms  DeleteObjects: 0.072400 ms)

========================================================================
Received Import Request.
  Time since last request: 24.110569 seconds.
  path: Assets/Sprites/Materials/bHole.prefab
  artifactKey: Guid(1a7f604376e8c9d4cb0760017bd0c30a) Importer(815301076,1909f56bfc062723c751e8b465ee728b)
Start importing Assets/Sprites/Materials/bHole.prefab using Guid(1a7f604376e8c9d4cb0760017bd0c30a) Importer(815301076,1909f56bfc062723c751e8b465ee728b)  -> (artifact id: 'f683107f09978f5dc3fc39f96e1c1480') in 0.141476 seconds
  Import took 0.147681 seconds .

========================================================================
Received Prepare
Registering precompiled user dll's ...
Registered in 0.001075 seconds.
Begin MonoManager ReloadAssembly
Native extension for WindowsStandalone target not found
Refreshing native plugins compatible for Editor in 1.35 ms, found 0 plugins.
Preloading 0 native plugins for Editor in 0.00 ms.
Invoked RoslynAnalysisRunner static constructor.
RoslynAnalysisRunner will not be running.
RoslynAnalysisRunner has terminated.
Mono: successfully reloaded assembly
- Completed reload, in  1.133 seconds
Platform modules already initialized, skipping
Refreshing native plugins compatible for Editor in 0.32 ms, found 0 plugins.
Preloading 0 native plugins for Editor in 0.00 ms.
Unloading 1152 Unused Serialized files (Serialized files now loaded: 0)
System memory in use before: 160.2 MB.
System memory in use after: 160.3 MB.

Unloading 5 unused Assets to reduce memory usage. Loaded Objects now: 1716.
Total: 2.354100 ms (FindLiveObjects: 0.373800 ms CreateObjectMapping: 0.083900 ms MarkObjects: 1.833300 ms  DeleteObjects: 0.061500 ms)

========================================================================
Received Prepare
Registering precompiled user dll's ...
Registered in 0.001490 seconds.
Begin MonoManager ReloadAssembly
Native extension for WindowsStandalone target not found
Refreshing native plugins compatible for Editor in 0.47 ms, found 0 plugins.
Preloading 0 native plugins for Editor in 0.00 ms.
Invoked RoslynAnalysisRunner static constructor.
RoslynAnalysisRunner will not be running.
RoslynAnalysisRunner has terminated.
Mono: successfully reloaded assembly
- Completed reload, in  1.650 seconds
Platform modules already initialized, skipping
Refreshing native plugins compatible for Editor in 0.72 ms, found 0 plugins.
Preloading 0 native plugins for Editor in 0.00 ms.
Unloading 1152 Unused Serialized files (Serialized files now loaded: 0)
System memory in use before: 160.3 MB.
System memory in use after: 160.3 MB.

Unloading 5 unused Assets to reduce memory usage. Loaded Objects now: 1719.
Total: 3.102300 ms (FindLiveObjects: 0.249400 ms CreateObjectMapping: 0.093000 ms MarkObjects: 2.685200 ms  DeleteObjects: 0.073300 ms)

========================================================================
Received Import Request.
  Time since last request: 125.685852 seconds.
  path: Assets/Sprites/Materials/bHole.prefab
  artifactKey: Guid(1a7f604376e8c9d4cb0760017bd0c30a) Importer(815301076,1909f56bfc062723c751e8b465ee728b)
Start importing Assets/Sprites/Materials/bHole.prefab using Guid(1a7f604376e8c9d4cb0760017bd0c30a) Importer(815301076,1909f56bfc062723c751e8b465ee728b)  -> (artifact id: '080d4ede31ffb35989933528f48fb74e') in 0.116164 seconds
  Import took 0.122019 seconds .

========================================================================
Received Prepare
Registering precompiled user dll's ...
Registered in 0.000733 seconds.
Begin MonoManager ReloadAssembly
Native extension for WindowsStandalone target not found
Refreshing native plugins compatible for Editor in 1.24 ms, found 0 plugins.
Preloading 0 native plugins for Editor in 0.00 ms.
Invoked RoslynAnalysisRunner static constructor.
RoslynAnalysisRunner will not be running.
RoslynAnalysisRunner has terminated.
Mono: successfully reloaded assembly
- Completed reload, in  0.887 seconds
Platform modules already initialized, skipping
Refreshing native plugins compatible for Editor in 0.24 ms, found 0 plugins.
Preloading 0 native plugins for Editor in 0.00 ms.
Unloading 1152 Unused Serialized files (Serialized files now loaded: 0)
System memory in use before: 160.3 MB.
System memory in use after: 160.3 MB.

Unloading 5 unused Assets to reduce memory usage. Loaded Objects now: 1723.
Total: 1.854300 ms (FindLiveObjects: 0.145600 ms CreateObjectMapping: 0.040200 ms MarkObjects: 1.614000 ms  DeleteObjects: 0.053800 ms)

========================================================================
Received Prepare
Registering precompiled user dll's ...
Registered in 0.000685 seconds.
Begin MonoManager ReloadAssembly
Native extension for WindowsStandalone target not found
Refreshing native plugins compatible for Editor in 0.27 ms, found 0 plugins.
Preloading 0 native plugins for Editor in 0.00 ms.
Invoked RoslynAnalysisRunner static constructor.
RoslynAnalysisRunner will not be running.
RoslynAnalysisRunner has terminated.
Mono: successfully reloaded assembly
- Completed reload, in  0.989 seconds
Platform modules already initialized, skipping
Refreshing native plugins compatible for Editor in 0.43 ms, found 0 plugins.
Preloading 0 native plugins for Editor in 0.00 ms.
Unloading 1152 Unused Serialized files (Serialized files now loaded: 0)
System memory in use before: 160.3 MB.
System memory in use after: 160.4 MB.

Unloading 5 unused Assets to reduce memory usage. Loaded Objects now: 1726.
Total: 4.507100 ms (FindLiveObjects: 0.737500 ms CreateObjectMapping: 0.156000 ms MarkObjects: 3.534300 ms  DeleteObjects: 0.076100 ms)

========================================================================
Received Prepare
Registering precompiled user dll's ...
Registered in 0.001070 seconds.
Begin MonoManager ReloadAssembly
Native extension for WindowsStandalone target not found
Refreshing native plugins compatible for Editor in 0.32 ms, found 0 plugins.
Preloading 0 native plugins for Editor in 0.00 ms.
Invoked RoslynAnalysisRunner static constructor.
RoslynAnalysisRunner will not be running.
RoslynAnalysisRunner has terminated.
Mono: successfully reloaded assembly
- Completed reload, in  0.780 seconds
Platform modules already initialized, skipping
Refreshing native plugins compatible for Editor in 0.23 ms, found 0 plugins.
Preloading 0 native plugins for Editor in 0.00 ms.
Unloading 1152 Unused Serialized files (Serialized files now loaded: 0)
System memory in use before: 160.3 MB.
System memory in use after: 160.4 MB.

Unloading 5 unused Assets to reduce memory usage. Loaded Objects now: 1729.
Total: 3.508300 ms (FindLiveObjects: 0.543600 ms CreateObjectMapping: 0.172300 ms MarkObjects: 2.701700 ms  DeleteObjects: 0.088400 ms)

========================================================================
Received Prepare
Registering precompiled user dll's ...
Registered in 0.000720 seconds.
Begin MonoManager ReloadAssembly
Native extension for WindowsStandalone target not found
Refreshing native plugins compatible for Editor in 0.22 ms, found 0 plugins.
Preloading 0 native plugins for Editor in 0.00 ms.
Invoked RoslynAnalysisRunner static constructor.
RoslynAnalysisRunner will not be running.
RoslynAnalysisRunner has terminated.
Mono: successfully reloaded assembly
- Completed reload, in  0.737 seconds
Platform modules already initialized, skipping
Refreshing native plugins compatible for Editor in 0.22 ms, found 0 plugins.
Preloading 0 native plugins for Editor in 0.00 ms.
Unloading 1152 Unused Serialized files (Serialized files now loaded: 0)
System memory in use before: 160.3 MB.
System memory in use after: 160.4 MB.

Unloading 5 unused Assets to reduce memory usage. Loaded Objects now: 1732.
Total: 1.698600 ms (FindLiveObjects: 0.167200 ms CreateObjectMapping: 0.034700 ms MarkObjects: 1.444100 ms  DeleteObjects: 0.051400 ms)

========================================================================
Received Prepare
Registering precompiled user dll's ...
Registered in 0.000834 seconds.
Begin MonoManager ReloadAssembly
Native extension for WindowsStandalone target not found
Refreshing native plugins compatible for Editor in 0.21 ms, found 0 plugins.
Preloading 0 native plugins for Editor in 0.00 ms.
Invoked RoslynAnalysisRunner static constructor.
RoslynAnalysisRunner will not be running.
RoslynAnalysisRunner has terminated.
Mono: successfully reloaded assembly
- Completed reload, in  0.872 seconds
Platform modules already initialized, skipping
Refreshing native plugins compatible for Editor in 0.48 ms, found 0 plugins.
Preloading 0 native plugins for Editor in 0.00 ms.
Unloading 1152 Unused Serialized files (Serialized files now loaded: 0)
System memory in use before: 160.3 MB.
System memory in use after: 160.4 MB.

Unloading 5 unused Assets to reduce memory usage. Loaded Objects now: 1735.
Total: 5.403700 ms (FindLiveObjects: 1.140100 ms CreateObjectMapping: 0.326500 ms MarkObjects: 3.857500 ms  DeleteObjects: 0.077600 ms)

========================================================================
Received Prepare
Registering precompiled user dll's ...
Registered in 0.001222 seconds.
Begin MonoManager ReloadAssembly
Native extension for WindowsStandalone target not found
Refreshing native plugins compatible for Editor in 0.22 ms, found 0 plugins.
Preloading 0 native plugins for Editor in 0.00 ms.
Invoked RoslynAnalysisRunner static constructor.
RoslynAnalysisRunner will not be running.
RoslynAnalysisRunner has terminated.
Mono: successfully reloaded assembly
- Completed reload, in  0.895 seconds
Platform modules already initialized, skipping
Refreshing native plugins compatible for Editor in 0.23 ms, found 0 plugins.
Preloading 0 native plugins for Editor in 0.00 ms.
Unloading 1152 Unused Serialized files (Serialized files now loaded: 0)
System memory in use before: 160.3 MB.
System memory in use after: 160.4 MB.

Unloading 5 unused Assets to reduce memory usage. Loaded Objects now: 1738.
Total: 2.236000 ms (FindLiveObjects: 0.245500 ms CreateObjectMapping: 0.063000 ms MarkObjects: 1.859200 ms  DeleteObjects: 0.066700 ms)

========================================================================
Received Prepare
Registering precompiled user dll's ...
Registered in 0.000717 seconds.
Begin MonoManager ReloadAssembly
Native extension for WindowsStandalone target not found
Refreshing native plugins compatible for Editor in 0.30 ms, found 0 plugins.
Preloading 0 native plugins for Editor in 0.00 ms.
Invoked RoslynAnalysisRunner static constructor.
RoslynAnalysisRunner will not be running.
RoslynAnalysisRunner has terminated.
Mono: successfully reloaded assembly
- Completed reload, in  1.100 seconds
Platform modules already initialized, skipping
Refreshing native plugins compatible for Editor in 0.47 ms, found 0 plugins.
Preloading 0 native plugins for Editor in 0.00 ms.
Unloading 1152 Unused Serialized files (Serialized files now loaded: 0)
System memory in use before: 160.3 MB.
System memory in use after: 160.4 MB.

Unloading 5 unused Assets to reduce memory usage. Loaded Objects now: 1741.
Total: 3.634300 ms (FindLiveObjects: 0.345700 ms CreateObjectMapping: 0.121200 ms MarkObjects: 3.073200 ms  DeleteObjects: 0.090400 ms)

========================================================================
Received Prepare
Registering precompiled user dll's ...
Registered in 0.001353 seconds.
Begin MonoManager ReloadAssembly
Native extension for WindowsStandalone target not found
Refreshing native plugins compatible for Editor in 0.23 ms, found 0 plugins.
Preloading 0 native plugins for Editor in 0.00 ms.
Invoked RoslynAnalysisRunner static constructor.
RoslynAnalysisRunner will not be running.
RoslynAnalysisRunner has terminated.
Mono: successfully reloaded assembly
- Completed reload, in  0.804 seconds
Platform modules already initialized, skipping
Refreshing native plugins compatible for Editor in 0.26 ms, found 0 plugins.
Preloading 0 native plugins for Editor in 0.00 ms.
Unloading 1152 Unused Serialized files (Serialized files now loaded: 0)
System memory in use before: 160.3 MB.
System memory in use after: 160.4 MB.

Unloading 5 unused Assets to reduce memory usage. Loaded Objects now: 1744.
Total: 2.421600 ms (FindLiveObjects: 0.223000 ms CreateObjectMapping: 0.066500 ms MarkObjects: 2.078300 ms  DeleteObjects: 0.052800 ms)

========================================================================
Received Prepare
Registering precompiled user dll's ...
Registered in 0.001242 seconds.
Begin MonoManager ReloadAssembly
Native extension for WindowsStandalone target not found
Refreshing native plugins compatible for Editor in 0.25 ms, found 0 plugins.
Preloading 0 native plugins for Editor in 0.00 ms.
Invoked RoslynAnalysisRunner static constructor.
RoslynAnalysisRunner will not be running.
RoslynAnalysisRunner has terminated.
Mono: successfully reloaded assembly
- Completed reload, in  2.425 seconds
Platform modules already initialized, skipping
Refreshing native plugins compatible for Editor in 0.58 ms, found 0 plugins.
Preloading 0 native plugins for Editor in 0.00 ms.
Unloading 1152 Unused Serialized files (Serialized files now loaded: 0)
System memory in use before: 160.3 MB.
System memory in use after: 160.4 MB.

Unloading 5 unused Assets to reduce memory usage. Loaded Objects now: 1747.
Total: 3.431400 ms (FindLiveObjects: 0.407800 ms CreateObjectMapping: 0.167700 ms MarkObjects: 2.773300 ms  DeleteObjects: 0.078200 ms)

========================================================================
Received Prepare
Registering precompiled user dll's ...
Registered in 0.001251 seconds.
Begin MonoManager ReloadAssembly
Native extension for WindowsStandalone target not found
Refreshing native plugins compatible for Editor in 0.33 ms, found 0 plugins.
Preloading 0 native plugins for Editor in 0.00 ms.
Invoked RoslynAnalysisRunner static constructor.
RoslynAnalysisRunner will not be running.
RoslynAnalysisRunner has terminated.
Mono: successfully reloaded assembly
- Completed reload, in  1.576 seconds
Platform modules already initialized, skipping
Refreshing native plugins compatible for Editor in 0.85 ms, found 0 plugins.
Preloading 0 native plugins for Editor in 0.00 ms.
Unloading 1152 Unused Serialized files (Serialized files now loaded: 0)
System memory in use before: 160.3 MB.
System memory in use after: 160.4 MB.

Unloading 5 unused Assets to reduce memory usage. Loaded Objects now: 1750.
Total: 4.630900 ms (FindLiveObjects: 0.580300 ms CreateObjectMapping: 0.464900 ms MarkObjects: 3.243100 ms  DeleteObjects: 0.340700 ms)

========================================================================
Received Prepare
Registering precompiled user dll's ...
Registered in 0.001166 seconds.
Begin MonoManager ReloadAssembly
Native extension for WindowsStandalone target not found
Refreshing native plugins compatible for Editor in 0.21 ms, found 0 plugins.
Preloading 0 native plugins for Editor in 0.00 ms.
Invoked RoslynAnalysisRunner static constructor.
RoslynAnalysisRunner will not be running.
RoslynAnalysisRunner has terminated.
Mono: successfully reloaded assembly
- Completed reload, in  0.721 seconds
Platform modules already initialized, skipping
Refreshing native plugins compatible for Editor in 0.26 ms, found 0 plugins.
Preloading 0 native plugins for Editor in 0.00 ms.
Unloading 1152 Unused Serialized files (Serialized files now loaded: 0)
System memory in use before: 160.3 MB.
System memory in use after: 160.4 MB.

Unloading 5 unused Assets to reduce memory usage. Loaded Objects now: 1753.
Total: 1.637200 ms (FindLiveObjects: 0.156000 ms CreateObjectMapping: 0.036500 ms MarkObjects: 1.394900 ms  DeleteObjects: 0.048700 ms)

========================================================================
Received Import Request.
  Time since last request: 858.351740 seconds.
  path: Assets/Sprites/Materials/bHole.prefab
  artifactKey: Guid(1a7f604376e8c9d4cb0760017bd0c30a) Importer(815301076,1909f56bfc062723c751e8b465ee728b)
Start importing Assets/Sprites/Materials/bHole.prefab using Guid(1a7f604376e8c9d4cb0760017bd0c30a) Importer(815301076,1909f56bfc062723c751e8b465ee728b)  -> (artifact id: '166313407a9d9169ba56df4210d00b98') in 0.065455 seconds
  Import took 0.075291 seconds .

========================================================================
Received Prepare
Registering precompiled user dll's ...
Registered in 0.000983 seconds.
Begin MonoManager ReloadAssembly
Native extension for WindowsStandalone target not found
Refreshing native plugins compatible for Editor in 0.43 ms, found 0 plugins.
Preloading 0 native plugins for Editor in 0.00 ms.
Invoked RoslynAnalysisRunner static constructor.
RoslynAnalysisRunner will not be running.
RoslynAnalysisRunner has terminated.
Mono: successfully reloaded assembly
- Completed reload, in  1.203 seconds
Platform modules already initialized, skipping
Refreshing native plugins compatible for Editor in 0.58 ms, found 0 plugins.
Preloading 0 native plugins for Editor in 0.00 ms.
Unloading 1152 Unused Serialized files (Serialized files now loaded: 0)
System memory in use before: 160.3 MB.
System memory in use after: 160.4 MB.

Unloading 5 unused Assets to reduce memory usage. Loaded Objects now: 1757.
Total: 4.154300 ms (FindLiveObjects: 0.352800 ms CreateObjectMapping: 0.092400 ms MarkObjects: 3.513300 ms  DeleteObjects: 0.192300 ms)

========================================================================
Received Import Request.
  Time since last request: 24.911476 seconds.
  path: Assets/Sprites/Materials/bHole.prefab
  artifactKey: Guid(1a7f604376e8c9d4cb0760017bd0c30a) Importer(815301076,1909f56bfc062723c751e8b465ee728b)
Start importing Assets/Sprites/Materials/bHole.prefab using Guid(1a7f604376e8c9d4cb0760017bd0c30a) Importer(815301076,1909f56bfc062723c751e8b465ee728b)  -> (artifact id: '8aed32a1eea6c4ff97530cef8f4c19c3') in 0.155885 seconds
  Import took 0.160113 seconds .

========================================================================
Received Prepare
Registering precompiled user dll's ...
Registered in 0.001023 seconds.
Begin MonoManager ReloadAssembly
Native extension for WindowsStandalone target not found
Refreshing native plugins compatible for Editor in 0.29 ms, found 0 plugins.
Preloading 0 native plugins for Editor in 0.00 ms.
Invoked RoslynAnalysisRunner static constructor.
RoslynAnalysisRunner will not be running.
RoslynAnalysisRunner has terminated.
Mono: successfully reloaded assembly
- Completed reload, in  1.308 seconds
Platform modules already initialized, skipping
Refreshing native plugins compatible for Editor in 0.21 ms, found 0 plugins.
Preloading 0 native plugins for Editor in 0.00 ms.
Unloading 1152 Unused Serialized files (Serialized files now loaded: 0)
System memory in use before: 160.4 MB.
System memory in use after: 160.4 MB.

Unloading 5 unused Assets to reduce memory usage. Loaded Objects now: 1761.
Total: 1.823000 ms (FindLiveObjects: 0.170300 ms CreateObjectMapping: 0.043400 ms MarkObjects: 1.540200 ms  DeleteObjects: 0.068000 ms)

========================================================================
Received Import Request.
  Time since last request: 178.781054 seconds.
  path: Assets/Sprites/Materials/BulletHole.prefab
  artifactKey: Guid(8af2713df9441e344ab9a45516d19a13) Importer(815301076,1909f56bfc062723c751e8b465ee728b)
Start importing Assets/Sprites/Materials/BulletHole.prefab using Guid(8af2713df9441e344ab9a45516d19a13) Importer(815301076,1909f56bfc062723c751e8b465ee728b)  -> (artifact id: 'bcccec597dea26f2ed0c46b7502737d6') in 0.055150 seconds
  Import took 0.057760 seconds .

========================================================================
Received Prepare
Registering precompiled user dll's ...
Registered in 0.002469 seconds.
Begin MonoManager ReloadAssembly
Native extension for WindowsStandalone target not found
Refreshing native plugins compatible for Editor in 0.21 ms, found 0 plugins.
Preloading 0 native plugins for Editor in 0.00 ms.
Invoked RoslynAnalysisRunner static constructor.
RoslynAnalysisRunner will not be running.
RoslynAnalysisRunner has terminated.
Mono: successfully reloaded assembly
- Completed reload, in  1.245 seconds
Platform modules already initialized, skipping
Refreshing native plugins compatible for Editor in 0.21 ms, found 0 plugins.
Preloading 0 native plugins for Editor in 0.00 ms.
Unloading 1152 Unused Serialized files (Serialized files now loaded: 0)
System memory in use before: 160.4 MB.
System memory in use after: 160.4 MB.

Unloading 5 unused Assets to reduce memory usage. Loaded Objects now: 1765.
Total: 1.760100 ms (FindLiveObjects: 0.156000 ms CreateObjectMapping: 0.033100 ms MarkObjects: 1.516000 ms  DeleteObjects: 0.053800 ms)

========================================================================
Received Import Request.
  Time since last request: 153.401441 seconds.
  path: Assets/Sprites/Materials/BulletHole.prefab
  artifactKey: Guid(8af2713df9441e344ab9a45516d19a13) Importer(815301076,1909f56bfc062723c751e8b465ee728b)
Start importing Assets/Sprites/Materials/BulletHole.prefab using Guid(8af2713df9441e344ab9a45516d19a13) Importer(815301076,1909f56bfc062723c751e8b465ee728b)  -> (artifact id: '361867fcd9cdc5edbcc548526f7993af') in 0.055920 seconds
  Import took 0.058259 seconds .

========================================================================
Received Prepare
Registering precompiled user dll's ...
Registered in 0.001082 seconds.
Begin MonoManager ReloadAssembly
Native extension for WindowsStandalone target not found
Refreshing native plugins compatible for Editor in 0.34 ms, found 0 plugins.
Preloading 0 native plugins for Editor in 0.00 ms.
Invoked RoslynAnalysisRunner static constructor.
RoslynAnalysisRunner will not be running.
RoslynAnalysisRunner has terminated.
Mono: successfully reloaded assembly
- Completed reload, in  1.619 seconds
Platform modules already initialized, skipping
Refreshing native plugins compatible for Editor in 0.68 ms, found 0 plugins.
Preloading 0 native plugins for Editor in 0.00 ms.
Unloading 1152 Unused Serialized files (Serialized files now loaded: 0)
System memory in use before: 160.4 MB.
System memory in use after: 160.5 MB.

Unloading 5 unused Assets to reduce memory usage. Loaded Objects now: 1769.
Total: 2.738300 ms (FindLiveObjects: 0.302400 ms CreateObjectMapping: 0.072600 ms MarkObjects: 2.262200 ms  DeleteObjects: 0.098900 ms)

========================================================================
Received Prepare
Registering precompiled user dll's ...
Registered in 0.001553 seconds.
Begin MonoManager ReloadAssembly
Native extension for WindowsStandalone target not found
Refreshing native plugins compatible for Editor in 0.34 ms, found 0 plugins.
Preloading 0 native plugins for Editor in 0.00 ms.
Invoked RoslynAnalysisRunner static constructor.
RoslynAnalysisRunner will not be running.
RoslynAnalysisRunner has terminated.
Mono: successfully reloaded assembly
- Completed reload, in  1.312 seconds
Platform modules already initialized, skipping
Refreshing native plugins compatible for Editor in 0.30 ms, found 0 plugins.
Preloading 0 native plugins for Editor in 0.00 ms.
Unloading 1152 Unused Serialized files (Serialized files now loaded: 0)
System memory in use before: 160.5 MB.
System memory in use after: 160.5 MB.

Unloading 5 unused Assets to reduce memory usage. Loaded Objects now: 1772.
Total: 2.588800 ms (FindLiveObjects: 0.211800 ms CreateObjectMapping: 0.059100 ms MarkObjects: 2.245000 ms  DeleteObjects: 0.071100 ms)

========================================================================
Received Prepare
Registering precompiled user dll's ...
Registered in 0.001048 seconds.
Begin MonoManager ReloadAssembly
Native extension for WindowsStandalone target not found
Refreshing native plugins compatible for Editor in 0.44 ms, found 0 plugins.
Preloading 0 native plugins for Editor in 0.00 ms.
Invoked RoslynAnalysisRunner static constructor.
RoslynAnalysisRunner will not be running.
RoslynAnalysisRunner has terminated.
Mono: successfully reloaded assembly
- Completed reload, in  1.309 seconds
Platform modules already initialized, skipping
Refreshing native plugins compatible for Editor in 0.30 ms, found 0 plugins.
Preloading 0 native plugins for Editor in 0.00 ms.
Unloading 1152 Unused Serialized files (Serialized files now loaded: 0)
System memory in use before: 160.5 MB.
System memory in use after: 160.6 MB.

Unloading 5 unused Assets to reduce memory usage. Loaded Objects now: 1775.
Total: 2.728300 ms (FindLiveObjects: 0.248000 ms CreateObjectMapping: 0.070500 ms MarkObjects: 2.324100 ms  DeleteObjects: 0.084400 ms)

========================================================================
Received Import Request.
  Time since last request: 304.366863 seconds.
  path: Assets/Sprites/BulletHole.prefab
  artifactKey: Guid(369e36c3e7c417c46ae727ac91fe59c0) Importer(815301076,1909f56bfc062723c751e8b465ee728b)
Start importing Assets/Sprites/BulletHole.prefab using Guid(369e36c3e7c417c46ae727ac91fe59c0) Importer(815301076,1909f56bfc062723c751e8b465ee728b)  -> (artifact id: '37d058554fd0ae726aa3c42e1f15afed') in 0.086531 seconds
  Import took 0.091147 seconds .

========================================================================
Received Prepare
Registering precompiled user dll's ...
Registered in 0.001346 seconds.
Begin MonoManager ReloadAssembly
Native extension for WindowsStandalone target not found
Refreshing native plugins compatible for Editor in 0.29 ms, found 0 plugins.
Preloading 0 native plugins for Editor in 0.00 ms.
Invoked RoslynAnalysisRunner static constructor.
RoslynAnalysisRunner will not be running.
RoslynAnalysisRunner has terminated.
Mono: successfully reloaded assembly
- Completed reload, in  1.541 seconds
Platform modules already initialized, skipping
Refreshing native plugins compatible for Editor in 0.35 ms, found 0 plugins.
Preloading 0 native plugins for Editor in 0.00 ms.
Unloading 1152 Unused Serialized files (Serialized files now loaded: 0)
System memory in use before: 160.5 MB.
System memory in use after: 160.6 MB.

Unloading 5 unused Assets to reduce memory usage. Loaded Objects now: 1779.
Total: 2.416400 ms (FindLiveObjects: 0.190600 ms CreateObjectMapping: 0.052900 ms MarkObjects: 2.102900 ms  DeleteObjects: 0.068800 ms)

========================================================================
Received Import Request.
  Time since last request: 54.529694 seconds.
  path: Assets/Sprites/BulletHole.prefab
  artifactKey: Guid(369e36c3e7c417c46ae727ac91fe59c0) Importer(815301076,1909f56bfc062723c751e8b465ee728b)
Start importing Assets/Sprites/BulletHole.prefab using Guid(369e36c3e7c417c46ae727ac91fe59c0) Importer(815301076,1909f56bfc062723c751e8b465ee728b)  -> (artifact id: '2b3ab58cd357f8dfe5e37c81159115ca') in 0.133638 seconds
  Import took 0.142577 seconds .

========================================================================
Received Prepare
Registering precompiled user dll's ...
Registered in 0.000706 seconds.
Begin MonoManager ReloadAssembly
Native extension for WindowsStandalone target not found
Refreshing native plugins compatible for Editor in 2.15 ms, found 0 plugins.
Preloading 0 native plugins for Editor in 0.00 ms.
Invoked RoslynAnalysisRunner static constructor.
RoslynAnalysisRunner will not be running.
RoslynAnalysisRunner has terminated.
Mono: successfully reloaded assembly
- Completed reload, in  1.070 seconds
Platform modules already initialized, skipping
Refreshing native plugins compatible for Editor in 0.25 ms, found 0 plugins.
Preloading 0 native plugins for Editor in 0.00 ms.
Unloading 1152 Unused Serialized files (Serialized files now loaded: 0)
System memory in use before: 160.5 MB.
System memory in use after: 160.6 MB.

Unloading 5 unused Assets to reduce memory usage. Loaded Objects now: 1783.
Total: 1.992500 ms (FindLiveObjects: 0.187000 ms CreateObjectMapping: 0.041000 ms MarkObjects: 1.707900 ms  DeleteObjects: 0.055200 ms)

========================================================================
Received Prepare
Registering precompiled user dll's ...
Registered in 0.000688 seconds.
Begin MonoManager ReloadAssembly
Native extension for WindowsStandalone target not found
Refreshing native plugins compatible for Editor in 0.21 ms, found 0 plugins.
Preloading 0 native plugins for Editor in 0.00 ms.
Invoked RoslynAnalysisRunner static constructor.
RoslynAnalysisRunner will not be running.
RoslynAnalysisRunner has terminated.
Mono: successfully reloaded assembly
- Completed reload, in  0.896 seconds
Platform modules already initialized, skipping
Refreshing native plugins compatible for Editor in 0.26 ms, found 0 plugins.
Preloading 0 native plugins for Editor in 0.00 ms.
Unloading 1152 Unused Serialized files (Serialized files now loaded: 0)
System memory in use before: 160.5 MB.
System memory in use after: 160.6 MB.

Unloading 5 unused Assets to reduce memory usage. Loaded Objects now: 1786.
Total: 2.093200 ms (FindLiveObjects: 0.182500 ms CreateObjectMapping: 0.050000 ms MarkObjects: 1.796700 ms  DeleteObjects: 0.061800 ms)

========================================================================
Received Prepare
Registering precompiled user dll's ...
Registered in 0.001027 seconds.
Begin MonoManager ReloadAssembly
Native extension for WindowsStandalone target not found
Refreshing native plugins compatible for Editor in 0.52 ms, found 0 plugins.
Preloading 0 native plugins for Editor in 0.00 ms.
Invoked RoslynAnalysisRunner static constructor.
RoslynAnalysisRunner will not be running.
RoslynAnalysisRunner has terminated.
Mono: successfully reloaded assembly
- Completed reload, in  1.845 seconds
Platform modules already initialized, skipping
Refreshing native plugins compatible for Editor in 0.68 ms, found 0 plugins.
Preloading 0 native plugins for Editor in 0.00 ms.
Unloading 1152 Unused Serialized files (Serialized files now loaded: 0)
System memory in use before: 160.5 MB.
System memory in use after: 160.6 MB.

Unloading 5 unused Assets to reduce memory usage. Loaded Objects now: 1789.
Total: 5.798100 ms (FindLiveObjects: 1.009400 ms CreateObjectMapping: 0.307800 ms MarkObjects: 4.401900 ms  DeleteObjects: 0.074900 ms)

========================================================================
Received Prepare
Registering precompiled user dll's ...
Registered in 0.001582 seconds.
Begin MonoManager ReloadAssembly
Native extension for WindowsStandalone target not found
Refreshing native plugins compatible for Editor in 0.84 ms, found 0 plugins.
Preloading 0 native plugins for Editor in 0.00 ms.
Invoked RoslynAnalysisRunner static constructor.
RoslynAnalysisRunner will not be running.
RoslynAnalysisRunner has terminated.
Mono: successfully reloaded assembly
- Completed reload, in  1.900 seconds
Platform modules already initialized, skipping
Refreshing native plugins compatible for Editor in 0.98 ms, found 0 plugins.
Preloading 0 native plugins for Editor in 0.00 ms.
Unloading 1152 Unused Serialized files (Serialized files now loaded: 0)
System memory in use before: 160.5 MB.
System memory in use after: 160.6 MB.

Unloading 5 unused Assets to reduce memory usage. Loaded Objects now: 1792.
Total: 4.797600 ms (FindLiveObjects: 0.311400 ms CreateObjectMapping: 0.071100 ms MarkObjects: 4.258000 ms  DeleteObjects: 0.154500 ms)

========================================================================
Received Prepare
Registering precompiled user dll's ...
Registered in 0.001095 seconds.
Begin MonoManager ReloadAssembly
Native extension for WindowsStandalone target not found
Refreshing native plugins compatible for Editor in 0.72 ms, found 0 plugins.
Preloading 0 native plugins for Editor in 0.00 ms.
Invoked RoslynAnalysisRunner static constructor.
RoslynAnalysisRunner will not be running.
RoslynAnalysisRunner has terminated.
Mono: successfully reloaded assembly
- Completed reload, in  2.011 seconds
Platform modules already initialized, skipping
Refreshing native plugins compatible for Editor in 0.55 ms, found 0 plugins.
Preloading 0 native plugins for Editor in 0.00 ms.
Unloading 1152 Unused Serialized files (Serialized files now loaded: 0)
System memory in use before: 160.5 MB.
System memory in use after: 160.6 MB.

Unloading 5 unused Assets to reduce memory usage. Loaded Objects now: 1795.
Total: 4.606800 ms (FindLiveObjects: 0.550300 ms CreateObjectMapping: 0.180800 ms MarkObjects: 3.774800 ms  DeleteObjects: 0.098200 ms)

========================================================================
Received Import Request.
  Time since last request: 625.658040 seconds.
  path: Assets/Materials/Interactable.mat
  artifactKey: Guid(9a18f3a40ee03ea47812e84a38c77b40) Importer(815301076,1909f56bfc062723c751e8b465ee728b)
Start importing Assets/Materials/Interactable.mat using Guid(9a18f3a40ee03ea47812e84a38c77b40) Importer(815301076,1909f56bfc062723c751e8b465ee728b)  -> (artifact id: 'f2f1a05a3a31301a8fde44a6f66c8a08') in 0.089059 seconds
  Import took 0.093027 seconds .

========================================================================
Received Import Request.
  Time since last request: 0.000244 seconds.
  path: Assets/Materials/Ramp.mat
  artifactKey: Guid(116ff4783474d9b4fa42256ed5ec5814) Importer(815301076,1909f56bfc062723c751e8b465ee728b)
Start importing Assets/Materials/Ramp.mat using Guid(116ff4783474d9b4fa42256ed5ec5814) Importer(815301076,1909f56bfc062723c751e8b465ee728b)  -> (artifact id: '5b378491e54010ce979c69466c73608c') in 0.030138 seconds
  Import took 0.032749 seconds .

========================================================================
Received Import Request.
  Time since last request: 0.000267 seconds.
  path: Assets/Materials/Rough.physicMaterial
  artifactKey: Guid(461cb607924e2504590fb0f8541d5793) Importer(815301076,1909f56bfc062723c751e8b465ee728b)
Start importing Assets/Materials/Rough.physicMaterial using Guid(461cb607924e2504590fb0f8541d5793) Importer(815301076,1909f56bfc062723c751e8b465ee728b)  -> (artifact id: '47aa82957c0c747ce28fab2a16487d4b') in 0.088918 seconds
  Import took 0.092937 seconds .

========================================================================
Received Import Request.
  Time since last request: 128.863315 seconds.
  path: Assets/Tree.prefab
  artifactKey: Guid(e31592540f147144a9d10eefc6e0598c) Importer(815301076,1909f56bfc062723c751e8b465ee728b)
Start importing Assets/Tree.prefab using Guid(e31592540f147144a9d10eefc6e0598c) Importer(815301076,1909f56bfc062723c751e8b465ee728b)  -> (artifact id: '888568237d6060feeb1933a00c825575') in 0.316534 seconds
  Import took 0.319721 seconds .

========================================================================
Received Import Request.
  Time since last request: 0.002710 seconds.
  path: Assets/Tree.prefab
  artifactKey: Guid(e31592540f147144a9d10eefc6e0598c) Importer(815301076,1909f56bfc062723c751e8b465ee728b)
Start importing Assets/Tree.prefab using Guid(e31592540f147144a9d10eefc6e0598c) Importer(815301076,1909f56bfc062723c751e8b465ee728b)  -> (artifact id: '888568237d6060feeb1933a00c825575') in 0.043307 seconds
  Import took 0.047318 seconds .

========================================================================
Received Prepare
Registering precompiled user dll's ...
Registered in 0.000657 seconds.
Begin MonoManager ReloadAssembly
Native extension for WindowsStandalone target not found
Refreshing native plugins compatible for Editor in 0.22 ms, found 0 plugins.
Preloading 0 native plugins for Editor in 0.00 ms.
Invoked RoslynAnalysisRunner static constructor.
RoslynAnalysisRunner will not be running.
RoslynAnalysisRunner has terminated.
Mono: successfully reloaded assembly
- Completed reload, in  0.755 seconds
Platform modules already initialized, skipping
Refreshing native plugins compatible for Editor in 0.24 ms, found 0 plugins.
Preloading 0 native plugins for Editor in 0.00 ms.
Unloading 1152 Unused Serialized files (Serialized files now loaded: 0)
System memory in use before: 160.9 MB.
System memory in use after: 161.0 MB.

Unloading 5 unused Assets to reduce memory usage. Loaded Objects now: 1804.
Total: 1.777000 ms (FindLiveObjects: 0.150400 ms CreateObjectMapping: 0.037600 ms MarkObjects: 1.540000 ms  DeleteObjects: 0.048200 ms)

========================================================================
Received Prepare
Registering precompiled user dll's ...
Registered in 0.001701 seconds.
Begin MonoManager ReloadAssembly
Native extension for WindowsStandalone target not found
Refreshing native plugins compatible for Editor in 0.32 ms, found 0 plugins.
Preloading 0 native plugins for Editor in 0.00 ms.
Invoked RoslynAnalysisRunner static constructor.
RoslynAnalysisRunner will not be running.
RoslynAnalysisRunner has terminated.
Mono: successfully reloaded assembly
- Completed reload, in  1.327 seconds
Platform modules already initialized, skipping
Refreshing native plugins compatible for Editor in 0.29 ms, found 0 plugins.
Preloading 0 native plugins for Editor in 0.00 ms.
Unloading 1152 Unused Serialized files (Serialized files now loaded: 0)
System memory in use before: 160.9 MB.
System memory in use after: 161.0 MB.

Unloading 5 unused Assets to reduce memory usage. Loaded Objects now: 1807.
Total: 2.443900 ms (FindLiveObjects: 0.215700 ms CreateObjectMapping: 0.063800 ms MarkObjects: 2.082300 ms  DeleteObjects: 0.080900 ms)

========================================================================
Received Prepare
Registering precompiled user dll's ...
Registered in 0.000679 seconds.
Begin MonoManager ReloadAssembly
Native extension for WindowsStandalone target not found
Refreshing native plugins compatible for Editor in 0.22 ms, found 0 plugins.
Preloading 0 native plugins for Editor in 0.00 ms.
Invoked RoslynAnalysisRunner static constructor.
RoslynAnalysisRunner will not be running.
RoslynAnalysisRunner has terminated.
Mono: successfully reloaded assembly
- Completed reload, in  0.763 seconds
Platform modules already initialized, skipping
Refreshing native plugins compatible for Editor in 0.21 ms, found 0 plugins.
Preloading 0 native plugins for Editor in 0.00 ms.
Unloading 1152 Unused Serialized files (Serialized files now loaded: 0)
System memory in use before: 160.9 MB.
System memory in use after: 161.0 MB.

Unloading 5 unused Assets to reduce memory usage. Loaded Objects now: 1810.
Total: 1.886900 ms (FindLiveObjects: 0.193800 ms CreateObjectMapping: 0.051300 ms MarkObjects: 1.586300 ms  DeleteObjects: 0.054300 ms)

AssetImportWorkerClient::OnTransportError - code=2 error=End of file
